2022-05-12 21:42:34,651 INFO o.a.j.u.JMeterUtils: Setting Locale to en_EN
2022-05-12 21:42:34,657 INFO o.a.j.JMeter: Loading user properties from: D:\下载\apache-jmeter-5.1.1\bin\user.properties
2022-05-12 21:42:34,657 INFO o.a.j.JMeter: Loading system properties from: D:\下载\apache-jmeter-5.1.1\bin\system.properties
2022-05-12 21:42:34,657 INFO o.a.j.JMeter: Copyright (c) 1998-2019 The Apache Software Foundation
2022-05-12 21:42:34,657 INFO o.a.j.JMeter: Version 5.1.1 r1855137
2022-05-12 21:42:34,657 INFO o.a.j.JMeter: java.version=1.8.0_181
2022-05-12 21:42:34,657 INFO o.a.j.JMeter: java.vm.name=Java HotSpot(TM) 64-Bit Server VM
2022-05-12 21:42:34,657 INFO o.a.j.JMeter: os.name=Windows 10
2022-05-12 21:42:34,657 INFO o.a.j.JMeter: os.arch=amd64
2022-05-12 21:42:34,657 INFO o.a.j.JMeter: os.version=10.0
2022-05-12 21:42:34,657 INFO o.a.j.JMeter: file.encoding=GBK
2022-05-12 21:42:34,673 INFO o.a.j.JMeter: java.awt.headless=null
2022-05-12 21:42:34,673 INFO o.a.j.JMeter: Max memory     =1073741824
2022-05-12 21:42:34,673 INFO o.a.j.JMeter: Available Processors =12
2022-05-12 21:42:34,673 INFO o.a.j.JMeter: Default Locale=English (EN)
2022-05-12 21:42:34,673 INFO o.a.j.JMeter: JMeter  Locale=English (EN)
2022-05-12 21:42:34,673 INFO o.a.j.JMeter: JMeterHome=D:\下载\apache-jmeter-5.1.1
2022-05-12 21:42:34,673 INFO o.a.j.JMeter: user.dir  =C:\Users\Administrator\.jenkins\workspace\psimsendemail\untitled\testcase
2022-05-12 21:42:34,673 INFO o.a.j.JMeter: PWD       =C:\Users\Administrator\.jenkins\workspace\psimsendemail\untitled\testcase
2022-05-12 21:42:34,673 INFO o.a.j.JMeter: IP: 169.254.39.191 Name: MS-SLSXLICKSUSF FullName: MS-SLSXLICKSUSF.mshome.net
2022-05-12 21:42:34,757 INFO o.a.j.g.a.LookAndFeelCommand: Installing Darcula LAF
2022-05-12 21:42:34,773 INFO o.a.j.g.a.LookAndFeelCommand: Using look and feel: com.bulenkov.darcula.DarculaLaf [Darcula]
2022-05-12 21:42:34,773 INFO o.a.j.JMeter: Setting LAF to: com.bulenkov.darcula.DarculaLaf
2022-05-12 21:42:34,804 INFO o.a.j.JMeter: Loaded icon properties from org/apache/jmeter/images/icon.properties
2022-05-12 21:42:35,615 INFO o.j.r.JARSourceHTTP: Found cached repo
2022-05-12 21:42:35,753 INFO o.j.r.PluginManager: Plugins Status: [jpgc-graphs-basic=2.0, jpgc-functions=2.1, jpgc-casutg=2.10, jpgc-dummy=0.4, jpgc-ffw=2.0, jpgc-fifo=0.2, jpgc-perfmon=2.1, jpgc-plugins-manager=1.6, jpgc-tst=2.5, jmeter-core=5.1.1, jmeter-ftp=5.1.1, jmeter-http=5.1.1, jmeter-jdbc=5.1.1, jmeter-jms=5.1.1, jmeter-junit=5.1.1, jmeter-java=5.1.1, jmeter-ldap=5.1.1, jmeter-mail=5.1.1, jmeter-mongodb=5.1.1, jmeter-native=5.1.1, jmeter-tcp=5.1.1, jmeter-components=5.1.1, jpgc-standard=2.0]
2022-05-12 21:42:35,753 INFO o.j.r.PluginManagerMenuItem: Plugins Manager has upgrades: [jpgc-plugins-manager]
2022-05-12 21:42:36,911 INFO o.a.j.p.h.s.HTTPSamplerBase: Parser for text/html is org.apache.jmeter.protocol.http.parser.LagartoBasedHtmlParser
2022-05-12 21:42:36,912 INFO o.a.j.p.h.s.HTTPSamplerBase: Parser for application/xhtml+xml is org.apache.jmeter.protocol.http.parser.LagartoBasedHtmlParser
2022-05-12 21:42:36,912 INFO o.a.j.p.h.s.HTTPSamplerBase: Parser for application/xml is org.apache.jmeter.protocol.http.parser.LagartoBasedHtmlParser
2022-05-12 21:42:36,912 INFO o.a.j.p.h.s.HTTPSamplerBase: Parser for text/xml is org.apache.jmeter.protocol.http.parser.LagartoBasedHtmlParser
2022-05-12 21:42:36,912 INFO o.a.j.p.h.s.HTTPSamplerBase: Parser for text/vnd.wap.wml is org.apache.jmeter.protocol.http.parser.RegexpHTMLParser
2022-05-12 21:42:36,912 INFO o.a.j.p.h.s.HTTPSamplerBase: Parser for text/css is org.apache.jmeter.protocol.http.parser.CssParser
2022-05-12 21:42:37,137 INFO o.a.j.e.KeyToolUtils: keytool found at 'keytool'
2022-05-12 21:42:37,137 INFO o.a.j.p.h.p.ProxyControl: HTTP(S) Test Script Recorder SSL Proxy will use keys that support embedded 3rd party resources in file D:\下载\apache-jmeter-5.1.1\bin\proxyserver.jks
2022-05-12 21:42:37,236 INFO o.a.j.s.FileServer: Default base='C:\Users\Administrator\.jenkins\workspace\psimsendemail\untitled\testcase'
2022-05-12 21:42:37,330 WARN o.j.r.h.StatsReporter: Failed to send repo stats
org.apache.http.conn.ConnectTimeoutException: Connect to jmeter-plugins.org:443 timed out
	at org.apache.http.conn.ssl.SSLSocketFactory.connectSocket(SSLSocketFactory.java:545) ~[httpclient-4.5.7.jar:4.5.7]
	at org.apache.http.conn.ssl.SSLSocketFactory.connectSocket(SSLSocketFactory.java:415) ~[httpclient-4.5.7.jar:4.5.7]
	at org.apache.http.impl.conn.DefaultClientConnectionOperator.openConnection(DefaultClientConnectionOperator.java:180) ~[httpclient-4.5.7.jar:4.5.7]
	at org.apache.http.impl.conn.ManagedClientConnectionImpl.open(ManagedClientConnectionImpl.java:326) ~[httpclient-4.5.7.jar:4.5.7]
	at org.apache.http.impl.client.DefaultRequestDirector.tryConnect(DefaultRequestDirector.java:605) ~[httpclient-4.5.7.jar:4.5.7]
	at org.apache.http.impl.client.DefaultRequestDirector.execute(DefaultRequestDirector.java:440) ~[httpclient-4.5.7.jar:4.5.7]
	at org.apache.http.impl.client.AbstractHttpClient.doExecute(AbstractHttpClient.java:835) ~[httpclient-4.5.7.jar:4.5.7]
	at org.apache.http.impl.client.CloseableHttpClient.execute(CloseableHttpClient.java:83) ~[httpclient-4.5.7.jar:4.5.7]
	at org.apache.http.impl.client.CloseableHttpClient.execute(CloseableHttpClient.java:56) ~[httpclient-4.5.7.jar:4.5.7]
	at org.jmeterplugins.repository.JARSourceHTTP.execute(JARSourceHTTP.java:499) ~[jmeter-plugins-manager-1.6.jar:?]
	at org.jmeterplugins.repository.JARSourceHTTP.execute(JARSourceHTTP.java:494) ~[jmeter-plugins-manager-1.6.jar:?]
	at org.jmeterplugins.repository.JARSourceHTTP.reportStats(JARSourceHTTP.java:451) ~[jmeter-plugins-manager-1.6.jar:?]
	at org.jmeterplugins.repository.http.StatsReporter.run(StatsReporter.java:24) [jmeter-plugins-manager-1.6.jar:?]
2022-05-12 21:42:37,843 INFO o.a.j.s.SampleResult: Note: Sample TimeStamps are START times
2022-05-12 21:42:37,843 INFO o.a.j.s.SampleResult: sampleresult.default.encoding is set to ISO-8859-1
2022-05-12 21:42:37,843 INFO o.a.j.s.SampleResult: sampleresult.useNanoTime=true
2022-05-12 21:42:37,843 INFO o.a.j.s.SampleResult: sampleresult.nanoThreadSleep=5000
